Using pre-set license
Built from '2020.2/release' branch; Version is '2020.2.4f1 (becced5a802b) revision 12504301'; Using compiler version '192528614'; Build Type 'Release'
OS: 'Windows 10 Home; OS build 19044.1706; Version 2009; 64bit' Language: 'es' Physical Memory: 8079 MB
BatchMode: 1, IsHumanControllingUs: 0, StartBugReporterOnCrash: 0, Is64bit: 1, IsPro: 0

 COMMAND LINE ARGUMENTS:
C:\Program Files\Unity\Hub\Editor\2020.2.4f1\Editor\Unity.exe
-adb2
-batchMode
-noUpm
-name
AssetImportWorker0
-projectPath
C:/Users/Carles/Documents/music-room
-logFile
Logs/AssetImportWorker0.log
-srvPort
50920
Successfully changed project path to: C:/Users/Carles/Documents/music-room
C:/Users/Carles/Documents/music-room
Using Asset Import Pipeline V2.
Refreshing native plugins compatible for Editor in 60.66 ms, found 0 plugins.
Preloading 0 native plugins for Editor in 0.00 ms.
Initialize engine version: 2020.2.4f1 (becced5a802b)
[Subsystems] Discovering subsystems at path C:/Program Files/Unity/Hub/Editor/2020.2.4f1/Editor/Data/Resources/UnitySubsystems
[Subsystems] Discovering subsystems at path C:/Users/Carles/Documents/music-room/Assets
GfxDevice: creating device client; threaded=0
Direct3D:
    Version:  Direct3D 11.0 [level 11.1]
    Renderer: NVIDIA GeForce GTX 1050 Ti (ID=0x1c82)
    Vendor:   
    VRAM:     4018 MB
    Driver:   27.21.14.5671
Initialize mono
Mono path[0] = 'C:/Program Files/Unity/Hub/Editor/2020.2.4f1/Editor/Data/Managed'
Mono path[1] = 'C:/Program Files/Unity/Hub/Editor/2020.2.4f1/Editor/Data/MonoBleedingEdge/lib/mono/unityjit'
Mono config path = 'C:/Program Files/Unity/Hub/Editor/2020.2.4f1/Editor/Data/MonoBleedingEdge/etc'
Using monoOptions --debugger-agent=transport=dt_socket,embedding=1,server=y,suspend=n,address=127.0.0.1:56864
Begin MonoManager ReloadAssembly
Registering precompiled unity dll's ...
Register platform support module: C:/Program Files/Unity/Hub/Editor/2020.2.4f1/Editor/Data/PlaybackEngines/WindowsStandaloneSupport/UnityEditor.WindowsStandalone.Extensions.dll
Registered in 0.007151 seconds.
Native extension for WindowsStandalone target not found
Refreshing native plugins compatible for Editor in 62.21 ms, found 0 plugins.
Preloading 0 native plugins for Editor in 0.00 ms.
Invoked RoslynAnalysisRunner static constructor.
RoslynAnalysisRunner will not be running.
RoslynAnalysisRunner has terminated.
Mono: successfully reloaded assembly
- Completed reload, in  1.853 seconds
Platform modules already initialized, skipping
Registering precompiled user dll's ...
Registered in 0.004196 seconds.
Begin MonoManager ReloadAssembly
Native extension for WindowsStandalone target not found
Refreshing native plugins compatible for Editor in 0.46 ms, found 0 plugins.
Preloading 0 native plugins for Editor in 0.00 ms.
Invoked RoslynAnalysisRunner static constructor.
RoslynAnalysisRunner will not be running.
RoslynAnalysisRunner has terminated.
Mono: successfully reloaded assembly
- Completed reload, in  1.398 seconds
Platform modules already initialized, skipping
========================================================================
Worker process is ready to serve import requests
Launched and connected shader compiler UnityShaderCompiler.exe after 0.08 seconds
Refreshing native plugins compatible for Editor in 0.45 ms, found 0 plugins.
Preloading 0 native plugins for Editor in 0.00 ms.
Unloading 1406 Unused Serialized files (Serialized files now loaded: 0)
System memory in use before: 65.3 MB.
System memory in use after: 65.4 MB.

Unloading 33 unused Assets to reduce memory usage. Loaded Objects now: 1838.
Total: 2.724300 ms (FindLiveObjects: 0.301000 ms CreateObjectMapping: 0.299500 ms MarkObjects: 2.037300 ms  DeleteObjects: 0.084600 ms)

========================================================================
Received Import Request.
  path: Assets/Sounds/Guitar1.mp3
  artifactKey: Guid(f3be76198680b4d4ca81e3583042c771) Importer(815301076,1909f56bfc062723c751e8b465ee728b)
Start importing Assets/Sounds/Guitar1.mp3 using Guid(f3be76198680b4d4ca81e3583042c771) Importer(815301076,1909f56bfc062723c751e8b465ee728b)  -> (artifact id: '06e28a30d96d158f17683dd96310d763') in 0.162313 seconds
  Import took 0.166803 seconds .

========================================================================
Received Import Request.
  Time since last request: 3.731153 seconds.
  path: Assets/Sounds/Guitar2.mp3
  artifactKey: Guid(3808d5b4214be244d952290c10e99f7e) Importer(815301076,1909f56bfc062723c751e8b465ee728b)
Start importing Assets/Sounds/Guitar2.mp3 using Guid(3808d5b4214be244d952290c10e99f7e) Importer(815301076,1909f56bfc062723c751e8b465ee728b)  -> (artifact id: 'd375ea8997512a21ac291f88b310ee4a') in 0.066010 seconds
  Import took 0.072780 seconds .

========================================================================
Received Import Request.
  Time since last request: 0.005457 seconds.
  path: Assets/Sounds/Guitar5.mp3
  artifactKey: Guid(d04f94d8c241e8c499af299ce810cea1) Importer(815301076,1909f56bfc062723c751e8b465ee728b)
Start importing Assets/Sounds/Guitar5.mp3 using Guid(d04f94d8c241e8c499af299ce810cea1) Importer(815301076,1909f56bfc062723c751e8b465ee728b)  -> (artifact id: '2d3ab850632a7b0f317886093e467800') in 0.086185 seconds
  Import took 0.101933 seconds .

========================================================================
Received Import Request.
  Time since last request: 0.000366 seconds.
  path: Assets/Sounds/Guitar8.mp3
  artifactKey: Guid(b36da12a071a120438b5efac2fecc501) Importer(815301076,1909f56bfc062723c751e8b465ee728b)
Start importing Assets/Sounds/Guitar8.mp3 using Guid(b36da12a071a120438b5efac2fecc501) Importer(815301076,1909f56bfc062723c751e8b465ee728b)  -> (artifact id: '60f90944a0cf2ade1f2aae2856678d46') in 0.085028 seconds
  Import took 0.090710 seconds .

========================================================================
Received Import Request.
  Time since last request: 0.000192 seconds.
  path: Assets/Sounds/Guitar6 (together).mp3
  artifactKey: Guid(5056fdd74fba2144787889a15f82b8c0) Importer(815301076,1909f56bfc062723c751e8b465ee728b)
Start importing Assets/Sounds/Guitar6 (together).mp3 using Guid(5056fdd74fba2144787889a15f82b8c0) Importer(815301076,1909f56bfc062723c751e8b465ee728b)  -> (artifact id: '6917fee2de48a94f9a8a0779bcb6c258') in 0.067153 seconds
  Import took 0.072720 seconds .

========================================================================
Received Import Request.
  Time since last request: 0.000212 seconds.
  path: Assets/Sounds/Guitar7.mp3
  artifactKey: Guid(e0c2c0c657ced9a4fa51120478c96738) Importer(815301076,1909f56bfc062723c751e8b465ee728b)
Start importing Assets/Sounds/Guitar7.mp3 using Guid(e0c2c0c657ced9a4fa51120478c96738) Importer(815301076,1909f56bfc062723c751e8b465ee728b)  -> (artifact id: 'e560f19d20b53f5874b0be0301775f51') in 0.029738 seconds
  Import took 0.037209 seconds .

========================================================================
Received Import Request.
  Time since last request: 0.000277 seconds.
  path: Assets/Sounds/Guitar3.mp3
  artifactKey: Guid(362304626e3b37149b662c36ec648788) Importer(815301076,1909f56bfc062723c751e8b465ee728b)
Start importing Assets/Sounds/Guitar3.mp3 using Guid(362304626e3b37149b662c36ec648788) Importer(815301076,1909f56bfc062723c751e8b465ee728b)  -> (artifact id: '7a3a90f1a0c42dc3a990ac8f3f27330c') in 0.027101 seconds
  Import took 0.032491 seconds .

========================================================================
Received Import Request.
  Time since last request: 0.000353 seconds.
  path: Assets/Sounds/Guitar4 (alt a 1).mp3
  artifactKey: Guid(632b94432f6ba504ab9aa4f534530f01) Importer(815301076,1909f56bfc062723c751e8b465ee728b)
Start importing Assets/Sounds/Guitar4 (alt a 1).mp3 using Guid(632b94432f6ba504ab9aa4f534530f01) Importer(815301076,1909f56bfc062723c751e8b465ee728b)  -> (artifact id: '0e760c58449d18297cb158ae6b57abfc') in 0.036445 seconds
  Import took 0.043609 seconds .

========================================================================
Received Import Request.
  Time since last request: 6.811545 seconds.
  path: Assets/Sounds/Guitar
  artifactKey: Guid(4d1540fc4a0ed6e4bbb68b1c789d5dc2) Importer(815301076,1909f56bfc062723c751e8b465ee728b)
Start importing Assets/Sounds/Guitar using Guid(4d1540fc4a0ed6e4bbb68b1c789d5dc2) Importer(815301076,1909f56bfc062723c751e8b465ee728b)  -> (artifact id: '4674c85df9353fc0abb62ff1615a2205') in 0.023558 seconds
  Import took 0.044906 seconds .

========================================================================
Received Import Request.
  Time since last request: 296.051243 seconds.
  path: Assets/scripts/MainController.cs
  artifactKey: Guid(2c2659de755a24b6c82b6595dcd63c48) Importer(815301076,1909f56bfc062723c751e8b465ee728b)
Start importing Assets/scripts/MainController.cs using Guid(2c2659de755a24b6c82b6595dcd63c48) Importer(815301076,1909f56bfc062723c751e8b465ee728b)  -> (artifact id: '7796b5eff4f17924607c5cbe7adb65de') in 0.018594 seconds
  Import took 0.024965 seconds .

========================================================================
Received Prepare
Registering precompiled user dll's ...
Registered in 0.005971 seconds.
Begin MonoManager ReloadAssembly
Native extension for WindowsStandalone target not found
Refreshing native plugins compatible for Editor in 0.48 ms, found 0 plugins.
Preloading 0 native plugins for Editor in 0.00 ms.
Invoked RoslynAnalysisRunner static constructor.
RoslynAnalysisRunner will not be running.
RoslynAnalysisRunner has terminated.
Mono: successfully reloaded assembly
- Completed reload, in  1.881 seconds
Platform modules already initialized, skipping
Refreshing native plugins compatible for Editor in 0.49 ms, found 0 plugins.
Preloading 0 native plugins for Editor in 0.00 ms.
Unloading 1400 Unused Serialized files (Serialized files now loaded: 0)
System memory in use before: 68.4 MB.
System memory in use after: 68.5 MB.

Unloading 24 unused Assets to reduce memory usage. Loaded Objects now: 1849.
Total: 2.624700 ms (FindLiveObjects: 0.253400 ms CreateObjectMapping: 0.125100 ms MarkObjects: 2.214400 ms  DeleteObjects: 0.029800 ms)

========================================================================
Received Import Request.
  Time since last request: 374.714282 seconds.
  path: Assets/scripts/MainController.cs
  artifactKey: Guid(2c2659de755a24b6c82b6595dcd63c48) Importer(815301076,1909f56bfc062723c751e8b465ee728b)
Start importing Assets/scripts/MainController.cs using Guid(2c2659de755a24b6c82b6595dcd63c48) Importer(815301076,1909f56bfc062723c751e8b465ee728b)  -> (artifact id: '3c22cd6842948789517b2695e7660e59') in 0.006548 seconds
  Import took 0.010745 seconds .

========================================================================
Received Import Request.
  Time since last request: 10.487486 seconds.
  path: Assets/Sounds/Drums
  artifactKey: Guid(a93d00dc134bd5f4380248048ead68fd) Importer(815301076,1909f56bfc062723c751e8b465ee728b)
Start importing Assets/Sounds/Drums using Guid(a93d00dc134bd5f4380248048ead68fd) Importer(815301076,1909f56bfc062723c751e8b465ee728b)  -> (artifact id: '1ee64e5bc2e2ff8ead5f01479d2550fd') in 0.021933 seconds
  Import took 0.028974 seconds .

========================================================================
Received Import Request.
  Time since last request: 0.059611 seconds.
  path: Assets/Sounds/Drums/drums1.mp3
  artifactKey: Guid(0fd66226c8ef87e40997fd5ca3be459c) Importer(815301076,1909f56bfc062723c751e8b465ee728b)
Start importing Assets/Sounds/Drums/drums1.mp3 using Guid(0fd66226c8ef87e40997fd5ca3be459c) Importer(815301076,1909f56bfc062723c751e8b465ee728b)  -> (artifact id: 'c8296b272f2b3a6584bcc3333e686b83') in 0.080795 seconds
  Import took 0.087396 seconds .

========================================================================
Received Import Request.
  Time since last request: 0.006167 seconds.
  path: Assets/Sounds/Drums/drums4.mp3
  artifactKey: Guid(187ef30b94b2fc04fbae344d22245395) Importer(815301076,1909f56bfc062723c751e8b465ee728b)
Start importing Assets/Sounds/Drums/drums4.mp3 using Guid(187ef30b94b2fc04fbae344d22245395) Importer(815301076,1909f56bfc062723c751e8b465ee728b)  -> (artifact id: '572628d53bbe12ae6c206705d8704960') in 0.070821 seconds
  Import took 0.085308 seconds .

========================================================================
Received Import Request.
  Time since last request: 0.000396 seconds.
  path: Assets/Sounds/Drums/drums_extended_0.mp3
  artifactKey: Guid(320bc77b1440c83489ee8552b8c1ae7b) Importer(815301076,1909f56bfc062723c751e8b465ee728b)
Start importing Assets/Sounds/Drums/drums_extended_0.mp3 using Guid(320bc77b1440c83489ee8552b8c1ae7b) Importer(815301076,1909f56bfc062723c751e8b465ee728b)  -> (artifact id: '65940321d5df3c01fa0013b9b1f7380e') in 0.071418 seconds
  Import took 0.082809 seconds .

========================================================================
Received Import Request.
  Time since last request: 0.000275 seconds.
  path: Assets/Sounds/Drums/drums5.mp3
  artifactKey: Guid(2512813b5dbc37d46bda6e832fc18248) Importer(815301076,1909f56bfc062723c751e8b465ee728b)
Start importing Assets/Sounds/Drums/drums5.mp3 using Guid(2512813b5dbc37d46bda6e832fc18248) Importer(815301076,1909f56bfc062723c751e8b465ee728b)  -> (artifact id: '8ad3b1da51922743c0f9e8e48bda3bc9') in 0.065193 seconds
  Import took 0.074096 seconds .

========================================================================
Received Import Request.
  Time since last request: 0.000277 seconds.
  path: Assets/Sounds/Drums/drums2.mp3
  artifactKey: Guid(8f778cd9867820449a8179ddd889b618) Importer(815301076,1909f56bfc062723c751e8b465ee728b)
Start importing Assets/Sounds/Drums/drums2.mp3 using Guid(8f778cd9867820449a8179ddd889b618) Importer(815301076,1909f56bfc062723c751e8b465ee728b)  -> (artifact id: 'a9f9c58d32ec904466861ba1e51c3874') in 0.081324 seconds
  Import took 0.088243 seconds .

========================================================================
Received Import Request.
  Time since last request: 0.000236 seconds.
  path: Assets/Sounds/Drums/drums3.mp3
  artifactKey: Guid(43a2901795c6ec1458b20b69a6576c7e) Importer(815301076,1909f56bfc062723c751e8b465ee728b)
Start importing Assets/Sounds/Drums/drums3.mp3 using Guid(43a2901795c6ec1458b20b69a6576c7e) Importer(815301076,1909f56bfc062723c751e8b465ee728b)  -> (artifact id: '6ee26b454b7c1b73e31f08379cb8c47f') in 0.069621 seconds
  Import took 0.076225 seconds .

========================================================================
Received Import Request.
  Time since last request: 0.000302 seconds.
  path: Assets/Sounds/Drums/drums6.mp3
  artifactKey: Guid(2c00106e3deaa184190c448fa382d3f5) Importer(815301076,1909f56bfc062723c751e8b465ee728b)
Start importing Assets/Sounds/Drums/drums6.mp3 using Guid(2c00106e3deaa184190c448fa382d3f5) Importer(815301076,1909f56bfc062723c751e8b465ee728b)  -> (artifact id: '1fda9bf3bcd73c02de61141c223a24ee') in 0.071396 seconds
  Import took 0.078245 seconds .

========================================================================
Received Import Request.
  Time since last request: 0.002462 seconds.
  path: Assets/Sounds/Drums/drums6.mp3
  artifactKey: Guid(2c00106e3deaa184190c448fa382d3f5) Importer(815301076,1909f56bfc062723c751e8b465ee728b)
Start importing Assets/Sounds/Drums/drums6.mp3 using Guid(2c00106e3deaa184190c448fa382d3f5) Importer(815301076,1909f56bfc062723c751e8b465ee728b)  -> (artifact id: '1fda9bf3bcd73c02de61141c223a24ee') in 0.064794 seconds
  Import took 0.075585 seconds .

========================================================================
Received Import Request.
  Time since last request: 448.250610 seconds.
  path: Assets/Sounds/Drums/drum0.mp3
  artifactKey: Guid(c10e3508d02e1454fa98e39908fa496e) Importer(815301076,1909f56bfc062723c751e8b465ee728b)
Start importing Assets/Sounds/Drums/drum0.mp3 using Guid(c10e3508d02e1454fa98e39908fa496e) Importer(815301076,1909f56bfc062723c751e8b465ee728b)  -> (artifact id: '51e10b592e9bc289fed540df11e2eef6') in 0.033368 seconds
  Import took 0.039421 seconds .

========================================================================
Received Import Request.
  Time since last request: 650.338078 seconds.
  path: Assets/Sounds/Guitar/Guitar6_together.mp3
  artifactKey: Guid(a3f64aaba2908c549a63fb928e451024) Importer(815301076,1909f56bfc062723c751e8b465ee728b)
Start importing Assets/Sounds/Guitar/Guitar6_together.mp3 using Guid(a3f64aaba2908c549a63fb928e451024) Importer(815301076,1909f56bfc062723c751e8b465ee728b)  -> (artifact id: '4df65a393df3788a611ef1ce05df0d54') in 0.019458 seconds
  Import took 0.025180 seconds .

========================================================================
Received Import Request.
  Time since last request: 178.616088 seconds.
  path: Assets/Sounds/piano
  artifactKey: Guid(9801570e7aaef53489de11fa345f8b7f) Importer(815301076,1909f56bfc062723c751e8b465ee728b)
Start importing Assets/Sounds/piano using Guid(9801570e7aaef53489de11fa345f8b7f) Importer(815301076,1909f56bfc062723c751e8b465ee728b)  -> (artifact id: 'f06eac6c98a6947da40967be6ebd11b8') in 0.032866 seconds
  Import took 0.039493 seconds .

========================================================================
Received Import Request.
  Time since last request: 34.862516 seconds.
  path: Assets/Sounds/piano/Key (together).mp3
  artifactKey: Guid(cbbb4e3a79409ed4b81324dafa04ba6c) Importer(815301076,1909f56bfc062723c751e8b465ee728b)
Start importing Assets/Sounds/piano/Key (together).mp3 using Guid(cbbb4e3a79409ed4b81324dafa04ba6c) Importer(815301076,1909f56bfc062723c751e8b465ee728b)  -> (artifact id: '69f5af6d2ba1e472dc8c1addd040a1a9') in 0.039569 seconds
  Import took 0.044612 seconds .

========================================================================
Received Import Request.
  Time since last request: 0.000296 seconds.
  path: Assets/Sounds/piano/Key1.mp3
  artifactKey: Guid(8f8c846a4c9db264ba93a0fb89c604c2) Importer(815301076,1909f56bfc062723c751e8b465ee728b)
Start importing Assets/Sounds/piano/Key1.mp3 using Guid(8f8c846a4c9db264ba93a0fb89c604c2) Importer(815301076,1909f56bfc062723c751e8b465ee728b)  -> (artifact id: '25a89d8ad0820c4c9447df6b4298db25') in 0.025007 seconds
  Import took 0.029446 seconds .

========================================================================
Received Import Request.
  Time since last request: 0.000225 seconds.
  path: Assets/Sounds/piano/Key2.mp3
  artifactKey: Guid(56e872cb03fd8c649a900b26dbb98f8d) Importer(815301076,1909f56bfc062723c751e8b465ee728b)
Start importing Assets/Sounds/piano/Key2.mp3 using Guid(56e872cb03fd8c649a900b26dbb98f8d) Importer(815301076,1909f56bfc062723c751e8b465ee728b)  -> (artifact id: 'f47ca8ab22156d71e4f5ccfcce52b70d') in 0.027931 seconds
  Import took 0.032601 seconds .

========================================================================
Received Import Request.
  Time since last request: 0.000210 seconds.
  path: Assets/Sounds/piano/Key1.mp3
  artifactKey: Guid(8f8c846a4c9db264ba93a0fb89c604c2) Importer(815301076,1909f56bfc062723c751e8b465ee728b)
Start importing Assets/Sounds/piano/Key1.mp3 using Guid(8f8c846a4c9db264ba93a0fb89c604c2) Importer(815301076,1909f56bfc062723c751e8b465ee728b)  -> (artifact id: '25a89d8ad0820c4c9447df6b4298db25') in 0.017623 seconds
  Import took 0.025794 seconds .

========================================================================
Received Import Request.
  Time since last request: 0.000356 seconds.
  path: Assets/Sounds/piano/Key (together).mp3
  artifactKey: Guid(cbbb4e3a79409ed4b81324dafa04ba6c) Importer(815301076,1909f56bfc062723c751e8b465ee728b)
Start importing Assets/Sounds/piano/Key (together).mp3 using Guid(cbbb4e3a79409ed4b81324dafa04ba6c) Importer(815301076,1909f56bfc062723c751e8b465ee728b)  -> (artifact id: '69f5af6d2ba1e472dc8c1addd040a1a9') in 0.027016 seconds
  Import took 0.030646 seconds .

========================================================================
Received Import Request.
  Time since last request: 0.000245 seconds.
  path: Assets/Sounds/piano/Key5.mp3
  artifactKey: Guid(ae681ef41d0411044a8ba92967854b27) Importer(815301076,1909f56bfc062723c751e8b465ee728b)
Start importing Assets/Sounds/piano/Key5.mp3 using Guid(ae681ef41d0411044a8ba92967854b27) Importer(815301076,1909f56bfc062723c751e8b465ee728b)  -> (artifact id: '08a6752d75a04b89eb11447a2bdcc09d') in 0.028537 seconds
  Import took 0.033896 seconds .

========================================================================
Received Import Request.
  Time since last request: 0.000373 seconds.
  path: Assets/Sounds/piano/Key3.mp3
  artifactKey: Guid(9f6c7a8a8322c934088811c6e044664c) Importer(815301076,1909f56bfc062723c751e8b465ee728b)
Start importing Assets/Sounds/piano/Key3.mp3 using Guid(9f6c7a8a8322c934088811c6e044664c) Importer(815301076,1909f56bfc062723c751e8b465ee728b)  -> (artifact id: 'e3c8f95f114cf1a5dc28ba931c538f63') in 0.027153 seconds
  Import took 0.031213 seconds .

========================================================================
Received Import Request.
  Time since last request: 0.000234 seconds.
  path: Assets/Sounds/piano/Key4.mp3
  artifactKey: Guid(3c8fa27639d9ea94296ae7ade8ed12ec) Importer(815301076,1909f56bfc062723c751e8b465ee728b)
Start importing Assets/Sounds/piano/Key4.mp3 using Guid(3c8fa27639d9ea94296ae7ade8ed12ec) Importer(815301076,1909f56bfc062723c751e8b465ee728b)  -> (artifact id: '06de4f23a8d3adf24e98dbda53074e89') in 0.038287 seconds
  Import took 0.046429 seconds .

========================================================================
Received Import Request.
  Time since last request: 141.123649 seconds.
  path: Assets/Sounds/Trumpet
  artifactKey: Guid(a04e6c155189f9342af3c25b4259a1cb) Importer(815301076,1909f56bfc062723c751e8b465ee728b)
Start importing Assets/Sounds/Trumpet using Guid(a04e6c155189f9342af3c25b4259a1cb) Importer(815301076,1909f56bfc062723c751e8b465ee728b)  -> (artifact id: '5bc95c72fb9b47e5884a12670f9b883c') in 0.029952 seconds
  Import took 0.034032 seconds .

========================================================================
Received Import Request.
  Time since last request: 9.274269 seconds.
  path: Assets/Sounds/Trumpet/Air (together with key).mp3
  artifactKey: Guid(9cf1b9c46b1cdb14e91588f9d2628caf) Importer(815301076,1909f56bfc062723c751e8b465ee728b)
Start importing Assets/Sounds/Trumpet/Air (together with key).mp3 using Guid(9cf1b9c46b1cdb14e91588f9d2628caf) Importer(815301076,1909f56bfc062723c751e8b465ee728b)  -> (artifact id: '07b78dec2cc2587e5be88a7806c61537') in 0.041800 seconds
  Import took 0.047313 seconds .

========================================================================
Received Import Request.
  Time since last request: 0.000123 seconds.
  path: Assets/Sounds/Trumpet/Air1.mp3
  artifactKey: Guid(ef7c38281ef903f4b9add1caa5683770) Importer(815301076,1909f56bfc062723c751e8b465ee728b)
Start importing Assets/Sounds/Trumpet/Air1.mp3 using Guid(ef7c38281ef903f4b9add1caa5683770) Importer(815301076,1909f56bfc062723c751e8b465ee728b)  -> (artifact id: '7a9101adea76fbbfb567e27fd35946ca') in 0.041761 seconds
  Import took 0.050879 seconds .

========================================================================
Received Import Request.
  Time since last request: 0.000240 seconds.
  path: Assets/Sounds/Trumpet/Air2.mp3
  artifactKey: Guid(229df17ee819ef04aaa87d51aa09cee9) Importer(815301076,1909f56bfc062723c751e8b465ee728b)
Start importing Assets/Sounds/Trumpet/Air2.mp3 using Guid(229df17ee819ef04aaa87d51aa09cee9) Importer(815301076,1909f56bfc062723c751e8b465ee728b)  -> (artifact id: '7f8082df11c2db2b7e2dc3b5104dbaea') in 0.039188 seconds
  Import took 0.044860 seconds .

========================================================================
Received Import Request.
  Time since last request: 0.000228 seconds.
  path: Assets/Sounds/Trumpet/Air (together with key).mp3
  artifactKey: Guid(9cf1b9c46b1cdb14e91588f9d2628caf) Importer(815301076,1909f56bfc062723c751e8b465ee728b)
Start importing Assets/Sounds/Trumpet/Air (together with key).mp3 using Guid(9cf1b9c46b1cdb14e91588f9d2628caf) Importer(815301076,1909f56bfc062723c751e8b465ee728b)  -> (artifact id: '07b78dec2cc2587e5be88a7806c61537') in 0.014680 seconds
  Import took 0.023847 seconds .

========================================================================
Received Import Request.
  Time since last request: 6533.190542 seconds.
  path: Assets/Sounds/piano/piano t.mp3
  artifactKey: Guid(4ae4ed4f0c449b0478827de3f8444a45) Importer(815301076,1909f56bfc062723c751e8b465ee728b)
Start importing Assets/Sounds/piano/piano t.mp3 using Guid(4ae4ed4f0c449b0478827de3f8444a45) Importer(815301076,1909f56bfc062723c751e8b465ee728b)  -> (artifact id: '9a46632716ea6cab5473bb56f75a3da9') in 0.047864 seconds
  Import took 0.083131 seconds .

========================================================================
Received Prepare
Registering precompiled user dll's ...
Registered in 0.013350 seconds.
Begin MonoManager ReloadAssembly
Native extension for WindowsStandalone target not found
Refreshing native plugins compatible for Editor in 3.38 ms, found 0 plugins.
Preloading 0 native plugins for Editor in 0.00 ms.
Invoked RoslynAnalysisRunner static constructor.
RoslynAnalysisRunner will not be running.
RoslynAnalysisRunner has terminated.
Mono: successfully reloaded assembly
- Completed reload, in  1.765 seconds
Platform modules already initialized, skipping
Refreshing native plugins compatible for Editor in 0.51 ms, found 0 plugins.
Preloading 0 native plugins for Editor in 0.00 ms.
Unloading 1400 Unused Serialized files (Serialized files now loaded: 0)
System memory in use before: 68.4 MB.
System memory in use after: 68.5 MB.

Unloading 24 unused Assets to reduce memory usage. Loaded Objects now: 1852.
Total: 2.858900 ms (FindLiveObjects: 0.265600 ms CreateObjectMapping: 0.088300 ms MarkObjects: 2.478700 ms  DeleteObjects: 0.023700 ms)

========================================================================
Received Prepare
Registering precompiled user dll's ...
Registered in 0.005965 seconds.
Begin MonoManager ReloadAssembly
Native extension for WindowsStandalone target not found
Refreshing native plugins compatible for Editor in 0.75 ms, found 0 plugins.
Preloading 0 native plugins for Editor in 0.00 ms.
Invoked RoslynAnalysisRunner static constructor.
RoslynAnalysisRunner will not be running.
RoslynAnalysisRunner has terminated.
Mono: successfully reloaded assembly
- Completed reload, in  1.638 seconds
Platform modules already initialized, skipping
Refreshing native plugins compatible for Editor in 0.61 ms, found 0 plugins.
Preloading 0 native plugins for Editor in 0.00 ms.
Unloading 1400 Unused Serialized files (Serialized files now loaded: 0)
System memory in use before: 68.4 MB.
System memory in use after: 68.5 MB.

Unloading 24 unused Assets to reduce memory usage. Loaded Objects now: 1854.
Total: 2.749500 ms (FindLiveObjects: 0.343300 ms CreateObjectMapping: 0.161800 ms MarkObjects: 2.212500 ms  DeleteObjects: 0.030000 ms)

========================================================================
Received Prepare
Registering precompiled user dll's ...
Registered in 0.004446 seconds.
Begin MonoManager ReloadAssembly
Native extension for WindowsStandalone target not found
Refreshing native plugins compatible for Editor in 0.66 ms, found 0 plugins.
Preloading 0 native plugins for Editor in 0.00 ms.
Invoked RoslynAnalysisRunner static constructor.
RoslynAnalysisRunner will not be running.
RoslynAnalysisRunner has terminated.
Mono: successfully reloaded assembly
- Completed reload, in  1.143 seconds
Platform modules already initialized, skipping
Refreshing native plugins compatible for Editor in 0.48 ms, found 0 plugins.
Preloading 0 native plugins for Editor in 0.00 ms.
Unloading 1400 Unused Serialized files (Serialized files now loaded: 0)
System memory in use before: 68.4 MB.
System memory in use after: 68.5 MB.

Unloading 24 unused Assets to reduce memory usage. Loaded Objects now: 1856.
Total: 2.615800 ms (FindLiveObjects: 0.209500 ms CreateObjectMapping: 0.176400 ms MarkObjects: 2.203800 ms  DeleteObjects: 0.024700 ms)

========================================================================
Received Import Request.
  Time since last request: 542.818129 seconds.
  path: Assets/Sounds/song.mp3
  artifactKey: Guid(85235adb7f3ec404a8ba1da225aa5c60) Importer(815301076,1909f56bfc062723c751e8b465ee728b)
Start importing Assets/Sounds/song.mp3 using Guid(85235adb7f3ec404a8ba1da225aa5c60) Importer(815301076,1909f56bfc062723c751e8b465ee728b)  -> (artifact id: 'a3eaba46b04c1bdd644326f7982f7e43') in 0.124714 seconds
  Import took 0.131907 seconds .

========================================================================
Received Prepare
Registering precompiled user dll's ...
Registered in 0.004059 seconds.
Begin MonoManager ReloadAssembly
Native extension for WindowsStandalone target not found
Refreshing native plugins compatible for Editor in 0.71 ms, found 0 plugins.
Preloading 0 native plugins for Editor in 0.00 ms.
Invoked RoslynAnalysisRunner static constructor.
RoslynAnalysisRunner will not be running.
RoslynAnalysisRunner has terminated.
Mono: successfully reloaded assembly
- Completed reload, in  1.171 seconds
Platform modules already initialized, skipping
Refreshing native plugins compatible for Editor in 0.54 ms, found 0 plugins.
Preloading 0 native plugins for Editor in 0.00 ms.
Unloading 1400 Unused Serialized files (Serialized files now loaded: 0)
System memory in use before: 68.5 MB.
System memory in use after: 68.6 MB.

Unloading 24 unused Assets to reduce memory usage. Loaded Objects now: 1859.
Total: 2.247400 ms (FindLiveObjects: 0.168700 ms CreateObjectMapping: 0.053400 ms MarkObjects: 2.002500 ms  DeleteObjects: 0.020800 ms)

========================================================================
Received Prepare
Registering precompiled user dll's ...
Registered in 0.005189 seconds.
Begin MonoManager ReloadAssembly
Native extension for WindowsStandalone target not found
Refreshing native plugins compatible for Editor in 0.66 ms, found 0 plugins.
Preloading 0 native plugins for Editor in 0.00 ms.
Invoked RoslynAnalysisRunner static constructor.
RoslynAnalysisRunner will not be running.
RoslynAnalysisRunner has terminated.
Mono: successfully reloaded assembly
- Completed reload, in  1.124 seconds
Platform modules already initialized, skipping
Refreshing native plugins compatible for Editor in 0.55 ms, found 0 plugins.
Preloading 0 native plugins for Editor in 0.00 ms.
Unloading 1400 Unused Serialized files (Serialized files now loaded: 0)
System memory in use before: 68.5 MB.
System memory in use after: 68.6 MB.

Unloading 24 unused Assets to reduce memory usage. Loaded Objects now: 1861.
Total: 2.200400 ms (FindLiveObjects: 0.253800 ms CreateObjectMapping: 0.057800 ms MarkObjects: 1.862300 ms  DeleteObjects: 0.024100 ms)

========================================================================
Received Prepare
Registering precompiled user dll's ...
Registered in 0.004000 seconds.
Begin MonoManager ReloadAssembly
Native extension for WindowsStandalone target not found
Refreshing native plugins compatible for Editor in 0.48 ms, found 0 plugins.
Preloading 0 native plugins for Editor in 0.00 ms.
Invoked RoslynAnalysisRunner static constructor.
RoslynAnalysisRunner will not be running.
RoslynAnalysisRunner has terminated.
Mono: successfully reloaded assembly
- Completed reload, in  1.169 seconds
Platform modules already initialized, skipping
Refreshing native plugins compatible for Editor in 0.58 ms, found 0 plugins.
Preloading 0 native plugins for Editor in 0.00 ms.
Unloading 1400 Unused Serialized files (Serialized files now loaded: 0)
System memory in use before: 68.5 MB.
System memory in use after: 68.6 MB.

Unloading 24 unused Assets to reduce memory usage. Loaded Objects now: 1863.
Total: 2.366500 ms (FindLiveObjects: 0.232800 ms CreateObjectMapping: 0.139300 ms MarkObjects: 1.970100 ms  DeleteObjects: 0.022900 ms)

========================================================================
Received Prepare
Registering precompiled user dll's ...
Registered in 0.006312 seconds.
Begin MonoManager ReloadAssembly
Native extension for WindowsStandalone target not found
Refreshing native plugins compatible for Editor in 0.53 ms, found 0 plugins.
Preloading 0 native plugins for Editor in 0.00 ms.
Invoked RoslynAnalysisRunner static constructor.
RoslynAnalysisRunner will not be running.
RoslynAnalysisRunner has terminated.
Mono: successfully reloaded assembly
- Completed reload, in  1.124 seconds
Platform modules already initialized, skipping
Refreshing native plugins compatible for Editor in 0.56 ms, found 0 plugins.
Preloading 0 native plugins for Editor in 0.00 ms.
Unloading 1400 Unused Serialized files (Serialized files now loaded: 0)
System memory in use before: 68.5 MB.
System memory in use after: 68.6 MB.

Unloading 24 unused Assets to reduce memory usage. Loaded Objects now: 1865.
Total: 2.245200 ms (FindLiveObjects: 0.265800 ms CreateObjectMapping: 0.063800 ms MarkObjects: 1.893500 ms  DeleteObjects: 0.020500 ms)

========================================================================
Received Prepare
Registering precompiled user dll's ...
Registered in 0.005705 seconds.
Begin MonoManager ReloadAssembly
Native extension for WindowsStandalone target not found
Refreshing native plugins compatible for Editor in 0.84 ms, found 0 plugins.
Preloading 0 native plugins for Editor in 0.00 ms.
Invoked RoslynAnalysisRunner static constructor.
RoslynAnalysisRunner will not be running.
RoslynAnalysisRunner has terminated.
Mono: successfully reloaded assembly
- Completed reload, in  1.537 seconds
Platform modules already initialized, skipping
Refreshing native plugins compatible for Editor in 0.53 ms, found 0 plugins.
Preloading 0 native plugins for Editor in 0.00 ms.
Unloading 1400 Unused Serialized files (Serialized files now loaded: 0)
System memory in use before: 68.5 MB.
System memory in use after: 68.6 MB.

Unloading 24 unused Assets to reduce memory usage. Loaded Objects now: 1867.
Total: 3.059100 ms (FindLiveObjects: 0.171100 ms CreateObjectMapping: 0.076600 ms MarkObjects: 2.786100 ms  DeleteObjects: 0.023200 ms)

AssetImportWorkerClient::OnTransportError - code=2 error=End of file
